<?xml version="1.0" encoding="UTF-8"?>
<!-- Generated by org.testng.reporters.JUnitReportReporter -->
<testsuite hostname="QT-INBG-LT1609" failures="0" tests="1" name="mobile.order1" time="8.067" errors="0" timestamp="2022-09-19T14:26:53 IST" skipped="0">
  <testcase classname="mobile.order1" name="orderMethod" time="8.067"/>
  <system-out/>
</testsuite> <!-- mobile.order1 -->
